<?xml version="1.0" encoding="UTF-8"?>
<!-- Generated by org.testng.reporters.JUnitReportReporter -->
<testsuite hostname="DESKTOP-PGQ2JRL" failures="0" tests="2" name="com.crm.qa.testcases.LoginPageTest" time="19.620" errors="0" timestamp="2021-10-22T18:46:50 IST" skipped="0">
  <testcase classname="com.crm.qa.testcases.LoginPageTest" name="LoginPageTitleTest" time="6.363"/>
  <system-out/>
  <testcase classname="com.crm.qa.testcases.LoginPageTest" name="loginTest" time="13.257"/>
  <system-out/>
</testsuite> <!-- com.crm.qa.testcases.LoginPageTest -->
