<?xml version="1.0" encoding="UTF-8"?>
<!-- Generated by org.testng.reporters.JUnitReportReporter -->
<testsuite hostname="DESKTOP-PGQ2JRL" failures="0" tests="2" name="com.crm.qa.testcases.HomePageTest" time="27.183" errors="0" timestamp="2021-10-22T18:46:50 IST" skipped="0">
  <testcase classname="com.crm.qa.testcases.HomePageTest" name="homePageTitleTest" time="10.627"/>
  <system-out/>
  <testcase classname="com.crm.qa.testcases.HomePageTest" name="ClickOnContactsTest" time="16.556"/>
  <system-out/>
</testsuite> <!-- com.crm.qa.testcases.HomePageTest -->
