<?xml version="1.0" encoding="UTF-8"?>
<!-- Generated by org.testng.reporters.JUnitReportReporter -->
<testsuite hostname="DESKTOP-PGQ2JRL" failures="0" tests="1" name="com.crm.qa.testcases.ContactsPageTest" time="19.354" errors="0" timestamp="2021-10-22T18:46:50 IST" skipped="0">
  <testcase classname="com.crm.qa.testcases.ContactsPageTest" name="selectContactTest" time="19.354"/>
  <system-out/>
</testsuite> <!-- com.crm.qa.testcases.ContactsPageTest -->
